Loading the peak files
Merging peaks
Ranking peaks
Initial parameter values: [0.10 1.00 0.20 0.50]
Fitting the model parameters
Iter 0       9.14e-01 1.41e-01 [0.16585668 0.99376929 0.81578041 0.72597589]
Iter 1       1.82e-01 1.45e-01 [0.2809369  0.9837639  0.834476   0.68726555]
Iter 2       2.07e-01 1.43e-01 [0.4120649  0.97127325 0.85256535 0.64213805]
Iter 3       1.79e-01 1.29e-01 [0.53865217 0.95866963 0.86156425 0.61126798]
Iter 4       1.49e-01 1.12e-01 [0.65273217 0.94753891 0.86466486 0.59048209]
Iter 5       1.27e-01 9.64e-02 [0.7544551  0.93795693 0.86468999 0.57473454]
Iter 6       1.15e-01 8.27e-02 [0.84602674 0.92931987 0.86303678 0.56134459]
Iter 7       1.07e-01 7.13e-02 [0.92976253 0.9208598  0.86034854 0.54898844]
Iter 8       1.02e-01 6.19e-02 [1.00761282 0.91186852 0.85691597 0.53699347]
Iter 9       9.95e-02 5.42e-02 [1.0810372  0.90181853 0.85286855 0.52502948]
Iter 10      9.79e-02 4.79e-02 [1.15093334 0.89046076 0.84827703 0.51299219]
Iter 11      9.63e-02 4.26e-02 [1.21759932 0.87789686 0.84321897 0.50095493]
Iter 12      9.38e-02 3.81e-02 [1.280798   0.86457914 0.83781861 0.48911889]
Iter 13      8.95e-02 3.41e-02 [1.3399563  0.85120725 0.83225585 0.47774101]
Iter 14      8.33e-02 3.05e-02 [1.39443105 0.83855437 0.82674377 0.46706111]
Iter 15      7.56e-02 2.72e-02 [1.44372405 0.82730018 0.82149127 0.45725784]
Iter 16      6.69e-02 2.41e-02 [1.48757858 0.81793239 0.81667027 0.44844108]
Iter 17      5.77e-02 2.13e-02 [1.52597492 0.81072385 0.81239951 0.44066517]
Iter 18      4.84e-02 1.88e-02 [1.55907728 0.80575893 0.8087433  0.433946  ]
Iter 19      3.96e-02 1.64e-02 [1.58717375 0.80297915 0.8057197  0.42827325]
Iter 20      3.13e-02 1.43e-02 [1.61062883 0.80222865 0.80331173 0.42361687]
Iter 21      2.58e-02 1.23e-02 [1.62985014 0.80329243 0.80147796 0.41993029]
Iter 22      2.21e-02 1.06e-02 [1.64526707 0.80592489 0.80016204 0.4171522 ]
Iter 23      1.88e-02 8.97e-03 [1.65731527 0.80987099 0.7992995  0.41520879]
Iter 24      1.58e-02 7.55e-03 [1.66642331 0.8148824  0.79882332 0.4140172 ]
Iter 25      1.31e-02 6.29e-03 [1.67300873 0.82072394 0.79866736 0.41348684]
Iter 26      1.11e-02 5.21e-03 [1.67745713 0.82718805 0.79877059 0.4135275 ]
Iter 27      1.04e-02 4.61e-03 [1.68012693 0.83409139 0.79907752 0.41404891]
Iter 28      9.78e-03 4.39e-03 [1.68133852 0.84127991 0.7995399  0.41496588]
Iter 29      9.19e-03 4.31e-03 [1.68137283 0.8486276  0.80011715 0.41620023]
Iter 30      1.04e-02 4.28e-03 [1.68047086 0.85603451 0.800776   0.41768232]
Iter 31      1.14e-02 4.25e-03 [1.67883483 0.86342414 0.80149    0.41935189]
Iter 32      1.21e-02 4.21e-03 [1.67663092 0.87074028 0.8022387  0.42115815]
Iter 33      1.25e-02 4.14e-03 [1.6739926  0.87794394 0.80300682 0.42305954]
Iter 34      1.28e-02 4.05e-03 [1.67102505 0.88500989 0.80378336 0.42502285]
Iter 35      1.29e-02 3.94e-03 [1.66780902 0.89192412 0.8045607  0.42702238]
Iter 36      1.30e-02 3.81e-03 [1.66440498 0.89868123 0.80533394 0.42903896]
Iter 37      1.29e-02 3.66e-03 [1.66085667 0.90528247 0.8061002  0.43105887]
Iter 38      1.29e-02 3.52e-03 [1.6571946  0.91173385 0.80685816 0.43307287]
Iter 39      1.28e-02 3.37e-03 [1.65343848 0.91804508 0.80760756 0.43507543]
Iter 40      1.28e-02 3.24e-03 [1.64959988 0.9242282  0.80834898 0.43706382]
Iter 41      1.27e-02 3.11e-03 [1.64568415 0.93029683 0.80908351 0.43903752]
Iter 42      1.27e-02 2.99e-03 [1.64169159 0.93626583 0.80981254 0.44099774]
Iter 43      1.26e-02 2.88e-03 [1.63761917 0.94215044 0.81053778 0.44294688]
Iter 44      1.26e-02 2.78e-03 [1.63346104 0.94796631 0.8112609  0.44488828]
Iter 45      1.27e-02 2.69e-03 [1.62920954 0.95372904 0.81198375 0.44682584]
Iter 46      1.27e-02 2.61e-03 [1.62485536 0.95945437 0.81270804 0.44876402]
Iter 47      1.28e-02 2.54e-03 [1.62038844 0.96515765 0.81343556 0.45070742]
Iter 48      1.30e-02 2.49e-03 [1.61579792 0.97085407 0.81416789 0.4526608 ]
Iter 49      1.31e-02 2.44e-03 [1.61107289 0.97655822 0.81490662 0.45462889]
Iter 50      1.33e-02 2.40e-03 [1.60620219 0.98228437 0.81565306 0.45661634]
Iter 51      1.36e-02 2.38e-03 [1.60117517 0.98804599 0.81640839 0.45862755]
Iter 52      1.38e-02 2.35e-03 [1.59598202 0.99385555 0.81717354 0.46066652]
Iter 53      1.41e-02 2.34e-03 [1.59061464 0.99972404 0.81794917 0.46273655]
Iter 54      1.44e-02 2.33e-03 [1.58506685 1.00566079 0.81873536 0.46484024]
Iter 55      1.47e-02 2.33e-03 [1.57933579 1.01167263 0.8195318  0.46697901]
Iter 56      1.50e-02 2.33e-03 [1.57342313 1.01776302 0.82033755 0.46915272]
Iter 57      1.53e-02 2.34e-03 [1.56733657 1.02393107 0.82115084 0.4713592 ]
Iter 58      1.55e-02 2.35e-03 [1.5610911  1.03017074 0.821969   0.47359388]
Iter 59      1.58e-02 2.35e-03 [1.55471065 1.03646975 0.82278841 0.4758493 ]
Iter 60      1.59e-02 2.36e-03 [1.54822932 1.04280868 0.82360444 0.47811471]
Iter 61      1.60e-02 2.36e-03 [1.54169197 1.04916063 0.82441151 0.48037597]
Iter 62      1.59e-02 2.35e-03 [1.53515333 1.05549168 0.82520332 0.48261585]
Iter 63      1.57e-02 2.34e-03 [1.52867658 1.06176176 0.82597325 0.48481452]
Iter 64      1.54e-02 2.32e-03 [1.522329   1.06792739 0.82671461 0.48695108]
Iter 65      1.49e-02 2.29e-03 [1.51617811 1.07394407 0.82742144 0.48900482]
Iter 66      1.43e-02 2.25e-03 [1.51028638 1.07976952 0.82808874 0.49095695]
Iter 67      1.36e-02 2.21e-03 [1.50470666 1.0853666  0.82871292 0.4927921 ]
Iter 68      1.29e-02 2.16e-03 [1.49947821 1.09070601 0.82929188 0.4944996 ]
Iter 69      1.20e-02 2.10e-03 [1.49462557 1.0957671  0.82982502 0.49607378]
Iter 70      1.12e-02 2.04e-03 [1.49015873 1.10053814 0.83031302 0.4975138 ]
Iter 71      1.03e-02 1.97e-03 [1.48607514 1.10501533 0.83075757 0.49882288]
Iter 72      9.49e-03 1.90e-03 [1.48236231 1.10920149 0.83116103 0.50000738]
Iter 73      8.70e-03 1.83e-03 [1.47900129 1.11310419 0.83152621 0.50107548]
Iter 74      7.95e-03 1.75e-03 [1.47596834 1.11673483 0.83185601 0.50203668]
Iter 75      7.26e-03 1.67e-03 [1.47323811 1.12010681 0.83215346 0.50290068]
Iter 76      6.62e-03 1.59e-03 [1.47078521 1.12323438 0.83242146 0.5036768 ]
Iter 77      6.04e-03 1.50e-03 [1.46858382 1.12613304 0.83266265 0.50437431]
Iter 78      5.50e-03 1.42e-03 [1.46661036 1.12881764 0.83287968 0.5050014 ]
Iter 79      5.01e-03 1.33e-03 [1.4648425  1.13130293 0.83307487 0.50556564]
Iter 80      4.57e-03 1.25e-03 [1.46325925 1.13360337 0.83325032 0.50607401]
Iter 81      4.16e-03 1.18e-03 [1.46184222 1.13573225 0.83340809 0.50653243]
Iter 82      3.79e-03 1.10e-03 [1.46057419 1.13770243 0.8335499  0.50694638]
Iter 83      3.46e-03 1.03e-03 [1.45943964 1.13952594 0.83367736 0.50732067]
Iter 84      3.16e-03 9.64e-04 [1.45842462 1.141214   0.83379196 0.50765957]
Iter 85      2.88e-03 9.01e-04 [1.4575166  1.14277709 0.83389502 0.50796681]
Iter 86      2.63e-03 8.41e-04 [1.45670411 1.14422502 0.83398769 0.50824582]
Iter 87      2.41e-03 7.85e-04 [1.45597725 1.14556663 0.83407107 0.50849944]
Iter 88      2.20e-03 7.33e-04 [1.45532675 1.14681035 0.8341461  0.50873035]
Iter 89      2.01e-03 6.85e-04 [1.45474435 1.14796396 0.83421364 0.50894093]
Iter 90      1.84e-03 6.39e-04 [1.45422311 1.14903428 0.8342745  0.5091331 ]
Iter 91      1.69e-03 5.97e-04 [1.45375622 1.15002802 0.83432933 0.5093088 ]
Iter 92      1.55e-03 5.58e-04 [1.45333794 1.15095111 0.83437877 0.50946962]
Iter 93      1.43e-03 5.21e-04 [1.45296294 1.15180913 0.83442337 0.50961706]
Iter 94      1.31e-03 4.87e-04 [1.45262683 1.15260696 0.83446365 0.5097523 ]
Iter 95      1.20e-03 4.55e-04 [1.45232516 1.15334942 0.83450002 0.50987662]
Iter 96      1.11e-03 4.26e-04 [1.4520545  1.1540406  0.83453293 0.50999093]
Iter 97      1.02e-03 3.99e-04 [1.45181128 1.15468458 0.83456268 0.51009626]
Iter 98      9.43e-04 3.73e-04 [1.45159266 1.15528487 0.83458963 0.5101934 ]
Iter 99      8.70e-04 3.50e-04 [1.4513962  1.15584463 0.83461407 0.51028301]
Iter 100     8.04e-04 3.27e-04 [1.4512192  1.1563671  0.83463621 0.5103659 ]
Iter 101     7.44e-04 3.07e-04 [1.45106004 1.15685476 0.83465635 0.51044247]
Iter 102     6.88e-04 2.88e-04 [1.45091646 1.1573104  0.83467463 0.51051343]
Iter 103     6.38e-04 2.70e-04 [1.45078698 1.15773624 0.83469126 0.51057918]
Iter 104     5.91e-04 2.53e-04 [1.45067007 1.15813446 0.8347064  0.51064019]
Iter 105     5.49e-04 2.38e-04 [1.45056446 1.15850703 0.83472022 0.51069683]
Iter 106     5.10e-04 2.23e-04 [1.4504689  1.15885579 0.83473281 0.51074949]
Iter 107     4.74e-04 2.10e-04 [1.45038242 1.15918238 0.83474431 0.51079846]
Iter 108     4.41e-04 1.97e-04 [1.45030403 1.15948837 0.83475483 0.51084406]
Iter 109     4.10e-04 1.85e-04 [1.45023281 1.15977525 0.83476443 0.51088659]
Iter 110     3.82e-04 1.74e-04 [1.45016826 1.16004418 0.83477326 0.5109262 ]
Iter 111     3.56e-04 1.64e-04 [1.45010958 1.16029647 0.83478136 0.51096315]
Iter 112     3.32e-04 1.54e-04 [1.45005621 1.16053318 0.83478877 0.51099764]
Iter 113     3.10e-04 1.45e-04 [1.45000768 1.16075534 0.83479562 0.51102983]
Iter 114     2.89e-04 1.37e-04 [1.4499633  1.16096404 0.83480188 0.51105997]
Iter 115     2.69e-04 1.29e-04 [1.44992372 1.16115965 0.83480765 0.51108783]
Iter 116     2.52e-04 1.21e-04 [1.44988693 1.16134374 0.83481296 0.51111413]
Iter 117     2.35e-04 1.14e-04 [1.4498539  1.1615165  0.83481785 0.51113853]
Iter 118     2.21e-04 1.08e-04 [1.44982314 1.16167916 0.83482239 0.51116158]
Iter 119     2.06e-04 1.01e-04 [1.44979553 1.16183186 0.83482656 0.51118298]
Iter 120     1.92e-04 9.55e-05 [1.44977041 1.16197541 0.83483041 0.51120297]
Iter 121     1.82e-04 9.00e-05 [1.44974667 1.16211077 0.834834   0.51122197]
Iter 122     1.70e-04 8.48e-05 [1.44972529 1.16223798 0.83483729 0.51123965]
Iter 123     1.60e-04 7.99e-05 [1.44970508 1.16235797 0.83484038 0.51125643]
Iter 124     1.49e-04 7.54e-05 [1.44968715 1.16247059 0.83484323 0.51127195]
Iter 125     1.39e-04 7.11e-05 [1.44967082 1.16257654 0.83484587 0.51128645]
Iter 126     1.32e-04 6.70e-05 [1.44965497 1.16267671 0.83484835 0.51130036]
Iter 127     1.23e-04 6.32e-05 [1.44964094 1.16277078 0.83485062 0.51131322]
Iter 128     1.17e-04 5.96e-05 [1.44962745 1.16285961 0.83485278 0.5113255 ]
Iter 129     1.09e-04 5.62e-05 [1.44961553 1.16294305 0.83485477 0.51133684]
Iter 130     1.03e-04 5.30e-05 [1.44960384 1.163022   0.83485664 0.51134774]
Iter 131     9.62e-05 5.00e-05 [1.44959357 1.16309614 0.83485836 0.51135779]
Iter 132     9.13e-05 4.72e-05 [1.44958361 1.1631662  0.83486001 0.51136741]
Iter 133     8.51e-05 4.46e-05 [1.44957477 1.16323208 0.83486149 0.51137631]
Iter 134     8.11e-05 4.20e-05 [1.44956603 1.16329444 0.83486292 0.51138489]
Iter 135     7.52e-05 3.97e-05 [1.44955852 1.16335294 0.83486424 0.51139274]
Iter 136     7.20e-05 3.74e-05 [1.44955085 1.16340845 0.83486546 0.51140038]
Iter 137     6.67e-05 3.53e-05 [1.44954434 1.1634605  0.83486662 0.51140735]
Iter 138     6.35e-05 3.33e-05 [1.44953788 1.16350974 0.83486774 0.51141405]
Iter 139     5.90e-05 3.15e-05 [1.44953229 1.163556   0.83486874 0.51142021]
Iter 140     5.67e-05 2.97e-05 [1.4495265  1.16359991 0.83486969 0.51142623]
Iter 141     5.26e-05 2.81e-05 [1.44952156 1.16364116 0.83487055 0.51143174]
Iter 142     5.02e-05 2.65e-05 [1.4495166  1.1636802  0.83487143 0.51143705]
Iter 143     4.64e-05 2.50e-05 [1.44951243 1.16371682 0.83487219 0.51144188]
Iter 144     4.49e-05 2.36e-05 [1.44950795 1.16375168 0.83487292 0.51144666]
Iter 145     4.09e-05 2.23e-05 [1.44950447 1.16378419 0.83487363 0.51145089]
Iter 146     3.96e-05 2.10e-05 [1.44950067 1.16381513 0.83487429 0.51145509]
Iter 147     3.78e-05 1.98e-05 [1.44949683 1.16384444 0.8348749  0.51145915]
Iter 148     3.46e-05 1.88e-05 [1.44949385 1.16387186 0.83487547 0.51146275]
Iter 149     3.35e-05 1.77e-05 [1.44949057 1.16389796 0.83487601 0.51146633]
Iter 150     3.05e-05 1.67e-05 [1.44948808 1.16392233 0.8348765  0.5114695 ]
Iter 151     2.95e-05 1.58e-05 [1.44948537 1.16394547 0.83487701 0.51147261]
Iter 152     2.84e-05 1.49e-05 [1.44948251 1.16396747 0.83487746 0.51147567]
Iter 153     2.56e-05 1.41e-05 [1.44948045 1.16398797 0.83487788 0.51147832]
Iter 154     2.49e-05 1.33e-05 [1.44947813 1.16400747 0.83487828 0.51148097]
Iter 155     2.24e-05 1.26e-05 [1.44947653 1.16402562 0.83487865 0.51148325]
Iter 156     2.20e-05 1.18e-05 [1.44947455 1.16404297 0.83487901 0.51148558]
Iter 157     2.12e-05 1.11e-05 [1.44947246 1.16405945 0.83487937 0.51148786]
Iter 158     1.89e-05 1.06e-05 [1.44947109 1.16407475 0.83487966 0.5114898 ]
Iter 159     1.85e-05 9.96e-06 [1.44946942 1.16408936 0.83487995 0.51149176]
Iter 160     1.80e-05 9.40e-06 [1.44946759 1.16410329 0.83488024 0.51149372]
Iter 161     1.71e-05 8.84e-06 [1.44946577 1.16411645 0.83488053 0.51149559]
Iter 162     1.50e-05 8.42e-06 [1.4494647  1.16412861 0.83488077 0.51149712]
Iter 163     1.48e-05 7.94e-06 [1.44946336 1.16414025 0.83488101 0.51149869]
Iter 164     1.44e-05 7.47e-06 [1.44946187 1.16415134 0.83488121 0.51150026]
Iter 165     1.23e-05 7.10e-06 [1.44946115 1.16416149 0.83488145 0.51150148]
Iter 166     1.22e-05 6.68e-06 [1.44946016 1.16417121 0.83488165 0.51150275]
Iter 167     1.20e-05 6.30e-06 [1.44945897 1.16418052 0.83488181 0.51150405]
Iter 168     1.16e-05 5.93e-06 [1.4494577  1.16418936 0.83488201 0.51150533]
Iter 169     9.71e-06 5.66e-06 [1.44945717 1.16419742 0.83488217 0.51150629]
Iter 170     9.65e-06 5.32e-06 [1.4494564  1.16420514 0.83488234 0.51150729]
Iter 171     9.50e-06 5.02e-06 [1.44945547 1.16421254 0.83488248 0.51150832]
Iter 172     9.19e-06 4.71e-06 [1.44945446 1.16421956 0.83488264 0.51150933]
Iter 173     7.50e-06 4.51e-06 [1.44945417 1.16422591 0.83488278 0.51151004]
Iter 174     7.48e-06 4.23e-06 [1.44945366 1.16423199 0.8348829  0.5115108 ]
Iter 175     7.39e-06 3.98e-06 [1.449453   1.16423782 0.83488301 0.51151158]
Iter 176     7.26e-06 3.75e-06 [1.44945223 1.16424339 0.83488313 0.51151238]
Iter 177     7.03e-06 3.53e-06 [1.4494514  1.16424869 0.83488325 0.51151316]
Iter 178     6.80e-06 3.32e-06 [1.44945052 1.16425374 0.83488335 0.51151394]
Iter 179     5.24e-06 3.21e-06 [1.44945036 1.16425821 0.83488346 0.51151444]
Iter 180     6.56e-06 2.97e-06 [1.4494493  1.16426286 0.83488352 0.51151523]
Iter 181     4.97e-06 2.83e-06 [1.44944899 1.16426689 0.83488365 0.51151573]
Iter 182     4.89e-06 2.69e-06 [1.44944857 1.1642708  0.8348837  0.51151625]
Iter 183     4.82e-06 2.51e-06 [1.44944807 1.1642745  0.83488379 0.51151678]
Iter 184     4.72e-06 2.36e-06 [1.44944752 1.16427806 0.83488386 0.51151731]
Iter 185     4.58e-06 2.23e-06 [1.44944692 1.16428144 0.83488393 0.51151784]
Iter 186     4.42e-06 2.09e-06 [1.4494463  1.16428465 0.83488401 0.51151835]
Iter 187     4.27e-06 1.97e-06 [1.44944567 1.16428771 0.83488408 0.51151885]
Iter 188     2.93e-06 1.86e-06 [1.44944566 1.16429027 0.83488416 0.51151913]
Iter 189     2.88e-06 1.75e-06 [1.44944557 1.16429273 0.83488421 0.51151941]
Iter 190     2.87e-06 1.67e-06 [1.4494454  1.1642951  0.83488425 0.51151971]
Iter 191     2.86e-06 1.59e-06 [1.44944516 1.16429739 0.83488427 0.51152002]
Iter 192     2.84e-06 1.48e-06 [1.44944487 1.16429957 0.83488432 0.51152034]
Iter 193     2.79e-06 1.39e-06 [1.44944453 1.16430166 0.83488437 0.51152065]
Iter 194     2.72e-06 1.32e-06 [1.44944417 1.16430366 0.8348844  0.51152097]
Iter 195     2.67e-06 1.26e-06 [1.44944378 1.16430559 0.83488444 0.51152129]
Iter 196     2.60e-06 1.18e-06 [1.44944337 1.16430742 0.83488447 0.51152161]
Iter 197     2.50e-06 1.11e-06 [1.44944294 1.16430915 0.83488451 0.51152192]
Iter 198     2.46e-06 1.06e-06 [1.4494425  1.16431083 0.83488455 0.51152222]
Iter 199     2.36e-06 9.94e-07 [1.44944207 1.16431242 0.83488458 0.51152252]
Iter 200     2.28e-06 9.43e-07 [1.44944163 1.16431393 0.83488463 0.5115228 ]
Iter 201     2.16e-06 8.79e-07 [1.44944119 1.16431535 0.83488466 0.51152308]
Iter 202     2.10e-06 8.30e-07 [1.44944076 1.16431671 0.83488469 0.51152335]
Iter 203     2.02e-06 7.90e-07 [1.44944034 1.16431801 0.83488472 0.51152361]
Iter 204     1.11e-06 6.82e-07 [1.44944038 1.16431892 0.83488477 0.51152373]
Iter 205     1.03e-06 6.52e-07 [1.4494404  1.1643198  0.83488479 0.51152383]
Iter 206     9.83e-07 6.40e-07 [1.44944039 1.16432066 0.83488481 0.51152394]
Finished running IDR on the datasets
Final parameter values: [1.45 1.16 0.83 0.51]
Writing results to file
Number of reported peaks - 115432/115432 (100.0%)

Number of peaks passing IDR cutoff of 0.1 - 46275/115432 (40.1%)

