sp|Q16676|FOXD1_HUMAN	HUMAN23486	100.000	465	0	0	1	465	1	465	0.0	891
sp|Q16676|FOXD1_HUMAN	HUMAN00971	96.842	95	3	0	119	213	121	215	2.38e-62	210
sp|Q16676|FOXD1_HUMAN	HUMAN28436	63.684	190	60	7	114	300	94	277	2.24e-59	201
sp|O95863|SNAI1_HUMAN	HUMAN19147	100.000	264	0	0	1	264	1	264	0.0	541
sp|O95863|SNAI1_HUMAN	HUMAN27787	52.364	275	104	7	1	259	1	264	4.58e-86	257
sp|O95863|SNAI1_HUMAN	HUMAN11575	78.448	116	23	1	148	263	177	290	3.25e-63	199
sp|P50219|MNX1_HUMAN	HUMAN27325	100.000	401	0	0	1	401	1	401	0.0	788
sp|P50219|MNX1_HUMAN	HUMAN27326	98.438	64	1	0	231	294	19	82	6.26e-38	131
sp|P50219|MNX1_HUMAN	HUMAN17905	54.762	84	34	1	242	321	195	278	2.14e-22	98.2
sp|Q02809|PLOD1_HUMAN	HUMAN00267	100.000	727	0	0	1	727	1	727	0.0	1519
sp|Q02809|PLOD1_HUMAN	HUMAN21622	58.687	731	278	3	19	727	30	758	0.0	936
sp|Q02809|PLOD1_HUMAN	HUMAN26732	59.659	704	280	3	26	727	37	738	0.0	918
sp|O00469|PLOD2_HUMAN	HUMAN21622	97.230	758	0	1	1	737	1	758	0.0	1527
sp|O00469|PLOD2_HUMAN	HUMAN00267	60.423	710	278	2	30	737	19	727	0.0	946
sp|O00469|PLOD2_HUMAN	HUMAN26732	59.829	702	281	1	37	737	37	738	0.0	946
sp|O60568|PLOD3_HUMAN	HUMAN26732	100.000	738	0	0	1	738	1	738	0.0	1529
sp|O60568|PLOD3_HUMAN	HUMAN21622	57.220	741	292	3	19	738	22	758	0.0	936
sp|O60568|PLOD3_HUMAN	HUMAN00267	59.659	704	280	3	37	738	26	727	0.0	918
sp|O43900|PRIC3_HUMAN	HUMAN29863	100.000	615	0	0	1	615	1	615	0.0	1249
sp|O43900|PRIC3_HUMAN	HUMAN21113	66.750	400	131	1	22	421	22	419	0.0	600
sp|O43900|PRIC3_HUMAN	HUMAN06242	64.286	322	115	0	61	382	1	322	6.54e-158	473
sp|Q8IZU8|DSEL_HUMAN	HUMAN14055	100.000	1212	0	0	1	1212	11	1222	0.0	2530
sp|Q8IZU8|DSEL_HUMAN	HUMAN25496	51.339	635	300	5	62	691	43	673	0.0	659
sp|O94916|NFAT5_HUMAN	HUMAN11327	98.838	1549	0	1	1	1531	1	1549	0.0	3060
sp|O94916|NFAT5_HUMAN	HUMAN11282	46.097	269	138	6	281	543	432	699	1.05e-62	234
sp|O94916|NFAT5_HUMAN	HUMAN14106	44.014	284	151	6	267	543	413	695	1.56e-61	229
sp|P01100|FOS_HUMAN	HUMAN08678	100.000	380	0	0	1	380	1	380	0.0	770
sp|P01100|FOS_HUMAN	HUMAN08679	99.242	132	1	0	1	132	1	132	1.20e-89	267
sp|P01100|FOS_HUMAN	HUMAN16790	42.424	396	141	16	2	380	1	326	1.03e-54	182
sp|P35222|CTNB1_HUMAN	HUMAN20719	100.000	781	0	0	1	781	1	781	0.0	1617
sp|P35222|CTNB1_HUMAN	HUMAN12651	69.064	737	207	11	22	755	13	731	0.0	987
sp|P35222|CTNB1_HUMAN	HUMAN02987	29.204	226	146	4	441	666	493	704	1.66e-11	67.8
sp|P35222|CTNB1_HUMAN	HUMAN02987	22.553	470	313	15	237	666	454	912	5.56e-10	63.2
sp|Q02241|KIF23_HUMAN	HUMAN09712	100.000	960	0	0	1	960	1	960	0.0	2005
sp|Q02241|KIF23_HUMAN	HUMAN09713	95.846	337	0	1	1	323	1	337	0.0	672
sp|Q02241|KIF23_HUMAN	HUMAN23857	34.968	469	233	15	26	442	65	513	4.30e-68	244
sp|Q9UIH9|KLF15_HUMAN	HUMAN21432	100.000	416	0	0	1	416	1	416	0.0	838
sp|Q9UIH9|KLF15_HUMAN	HUMAN07725	64.516	93	33	0	312	404	364	456	5.76e-40	148
sp|Q9UIH9|KLF15_HUMAN	HUMAN28110	41.346	208	97	6	204	403	261	451	2.10e-37	141
sp|Q16676|FOXD1_HUMAN	HUMAN23486	100.000	465	0	0	1	465	1	465	0.0	891
sp|Q16676|FOXD1_HUMAN	HUMAN00971	96.842	95	3	0	119	213	121	215	2.38e-62	210
sp|Q16676|FOXD1_HUMAN	HUMAN28436	63.684	190	60	7	114	300	94	277	2.24e-59	201
sp|O95863|SNAI1_HUMAN	HUMAN19147	100.000	264	0	0	1	264	1	264	0.0	541
sp|O95863|SNAI1_HUMAN	HUMAN27787	52.364	275	104	7	1	259	1	264	4.58e-86	257
sp|O95863|SNAI1_HUMAN	HUMAN11575	78.448	116	23	1	148	263	177	290	3.25e-63	199
sp|P50219|MNX1_HUMAN	HUMAN27325	100.000	401	0	0	1	401	1	401	0.0	788
sp|P50219|MNX1_HUMAN	HUMAN27326	98.438	64	1	0	231	294	19	82	6.26e-38	131
sp|P50219|MNX1_HUMAN	HUMAN17905	54.762	84	34	1	242	321	195	278	2.14e-22	98.2
sp|Q02809|PLOD1_HUMAN	HUMAN00267	100.000	727	0	0	1	727	1	727	0.0	1519
sp|Q02809|PLOD1_HUMAN	HUMAN21622	58.687	731	278	3	19	727	30	758	0.0	936
sp|Q02809|PLOD1_HUMAN	HUMAN26732	59.659	704	280	3	26	727	37	738	0.0	918
sp|O00469|PLOD2_HUMAN	HUMAN21622	97.230	758	0	1	1	737	1	758	0.0	1527
sp|O00469|PLOD2_HUMAN	HUMAN00267	60.423	710	278	2	30	737	19	727	0.0	946
sp|O00469|PLOD2_HUMAN	HUMAN26732	59.829	702	281	1	37	737	37	738	0.0	946
sp|O60568|PLOD3_HUMAN	HUMAN26732	100.000	738	0	0	1	738	1	738	0.0	1529
sp|O60568|PLOD3_HUMAN	HUMAN21622	57.220	741	292	3	19	738	22	758	0.0	936
sp|O60568|PLOD3_HUMAN	HUMAN00267	59.659	704	280	3	37	738	26	727	0.0	918
sp|O43900|PRIC3_HUMAN	HUMAN29863	100.000	615	0	0	1	615	1	615	0.0	1249
sp|O43900|PRIC3_HUMAN	HUMAN21113	66.750	400	131	1	22	421	22	419	0.0	600
sp|O43900|PRIC3_HUMAN	HUMAN06242	64.286	322	115	0	61	382	1	322	6.54e-158	473
sp|Q8IZU8|DSEL_HUMAN	HUMAN14055	100.000	1212	0	0	1	1212	11	1222	0.0	2530
sp|Q8IZU8|DSEL_HUMAN	HUMAN25496	51.339	635	300	5	62	691	43	673	0.0	659
