NP_001073021.1_Blimpkrox	STRPU_17842	98.541	754	10	1	1	753	1	754	0.0	1548
NP_001073021.1_Blimpkrox	STRPU_03276	27.146	501	312	12	82	564	134	599	1.93e-37	151
NP_001073021.1_Blimpkrox	STRPU_03276	38.462	117	68	2	458	572	605	719	8.70e-20	95.1
NP_001073021.1_Blimpkrox	STRPU_03276	42.202	109	61	1	458	564	549	657	1.10e-18	91.3
NP_001073021.1_Blimpkrox	STRPU_03276	40.708	113	65	1	454	564	573	685	6.10e-17	85.9
NP_001073021.1_Blimpkrox	STRPU_03276	35.965	114	73	0	458	571	635	748	4.12e-16	83.2
NP_001073021.1_Blimpkrox	STRPU_03276	35.433	127	81	1	438	564	1010	1135	7.06e-16	82.4
NP_001073021.1_Blimpkrox	STRPU_03276	43.373	83	45	1	484	564	547	629	6.18e-14	76.3
NP_001073021.1_Blimpkrox	STRPU_03276	40.000	95	51	2	457	546	767	860	2.86e-12	70.9
NP_001073021.1_Blimpkrox	STRPU_03276	30.233	129	69	2	458	565	663	791	5.08e-11	66.6
NP_001073021.1_Blimpkrox	STRPU_03276	35.106	94	59	1	449	542	895	986	3.77e-10	63.9
NP_001073021.1_Blimpkrox	STRPU_03276	35.644	101	63	2	487	585	903	1003	5.72e-10	63.2
NP_001073021.1_Blimpkrox	STRPU_03276	37.975	79	48	1	486	564	768	845	8.19e-10	62.8
NP_001073021.1_Blimpkrox	STRPU_09332	48.649	111	57	0	454	564	463	573	1.08e-29	124
NP_001073021.1_Blimpkrox	STRPU_09332	44.762	105	58	0	460	564	441	545	3.70e-26	114
NP_001073021.1_Blimpkrox	STRPU_09332	37.634	93	58	0	445	537	482	574	4.13e-19	92.0
XP_011667273.1_GATAe	STRPU_24010	99.648	568	0	2	150	716	1	567	0.0	1151
XP_011667273.1_GATAe	STRPU_22294	67.391	138	44	1	409	546	218	354	1.23e-55	196
NP_999753.2_otx	STRPU_21071	99.190	247	2	0	125	371	49	295	0.0	506
NP_999753.2_otx	STRPU_05111	61.429	70	27	0	122	191	104	173	2.14e-23	100
NP_999753.2_otx	STRPU_04355	57.333	75	31	1	129	202	52	126	3.11e-23	99.4
XP_030850404.1_Bra	STRPU_17832	99.603	504	1	1	1	504	1	503	0.0	1028
XP_030850404.1_Bra	STRPU_14879	52.381	189	87	2	35	220	98	286	1.92e-60	209
XP_030850404.1_Bra	STRPU_15094	50.273	183	87	2	42	220	88	270	1.75e-55	196
NP_001027542.1_delta	STRPU_21576	99.373	797	5	0	1	797	1	797	0.0	1638
NP_001027542.1_delta	STRPU_00279	99.373	797	5	0	1	797	1	797	0.0	1638
NP_001027542.1_delta	STRPU_20975	37.029	451	248	8	137	553	207	655	2.33e-78	275
NP_001027542.1_delta	STRPU_20975	32.958	355	209	10	180	512	536	883	8.24e-43	168
NP_001027542.1_delta	STRPU_20975	31.325	415	242	13	176	562	494	893	2.24e-40	160
NP_001027542.1_delta	STRPU_20975	25.566	309	158	10	216	457	681	984	9.14e-11	65.9
